<?xml version="1.0" encoding="UTF-8"?>
<testsuite xmlns:xsi="http://www.w3.org/2001/XMLSchema-instance" xsi:noNamespaceSchemaLocation="https://maven.apache.org/surefire/maven-surefire-plugin/xsd/surefire-test-report.xsd" name="com.arkon.pipeline.v1.repository.InformationRepositoryTest" time="0.097" tests="6" errors="0" skipped="0" failures="0">
  <properties>
[...]
</properties>
  <testcase name="ifIdDoesntExists_thenReturnNull" classname="com.arkon.pipeline.v1.repository.InformationRepositoryTest" time="0.007"/>
  <testcase name="ifIFindByAlcaldia_thenIGetAList" classname="com.arkon.pipeline.v1.repository.InformationRepositoryTest" time="0.02"/>
  <testcase name="ifIFindByStatus_thenIGetAList" classname="com.arkon.pipeline.v1.repository.InformationRepositoryTest" time="0.033"/>
  <testcase name="ifIFindByIdVehicle_thenReturnsInformation" classname="com.arkon.pipeline.v1.repository.InformationRepositoryTest" time="0.01"/>
  <testcase name="zero_negatives_thenReturnsNull" classname="com.arkon.pipeline.v1.repository.InformationRepositoryTest" time="0.019"/>
  <testcase name="ifIFindById_thenReturnsInformation" classname="com.arkon.pipeline.v1.repository.InformationRepositoryTest" time="0.004"/>
</testsuite>